[0m20:08:13.006430 [debug] [MainThread]: Sending event: {'category': 'dbt', 'action': 'invocation', 'label': 'start', 'context': [<snowplow_tracker.self_describing_json.SelfDescribingJson object at 0x000002C6034C4810>, <snowplow_tracker.self_describing_json.SelfDescribingJson object at 0x000002C6034C5990>, <snowplow_tracker.self_describing_json.SelfDescribingJson object at 0x000002C6034C4F90>]}


============================== 20:08:13.006430 | 477447a3-de3d-4a9c-a11d-d85dbdef579f ==============================
[0m20:08:13.006430 [info ] [MainThread]: Running with dbt=1.11.9
[0m20:08:13.015393 [debug] [MainThread]: running dbt with arguments {'static_parser': 'True', 'no_print': 'None', 'version_check': 'True', 'target_path': 'None', 'warn_error_options': 'WarnErrorOptionsV2(error=[], warn=[], silence=[])', 'printer_width': '80', 'write_json': 'True', 'empty': 'None', 'log_cache_events': 'False', 'introspect': 'True', 'cache_selected_only': 'False', 'log_format': 'default', 'debug': 'False', 'fail_fast': 'False', 'profiles_dir': 'C:\\Users\\hafiz\\.dbt', 'send_anonymous_usage_stats': 'True', 'quiet': 'False', 'warn_error': 'None', 'partial_parse': 'True', 'invocation_command': 'dbt init olist_project', 'indirect_selection': 'eager', 'use_colors': 'True', 'use_experimental_parser': 'False', 'log_path': 'logs'}
[0m20:08:13.031907 [debug] [MainThread]: Starter project path: C:\Users\hafiz\anaconda3\envs\dbt-env\Lib\site-packages\dbt\include\starter_project
[0m20:08:13.073150 [info ] [MainThread]: 
Your new dbt project "olist_project" was created!

For more information on how to configure the profiles.yml file,
please consult the dbt documentation here:

  https://docs.getdbt.com/docs/configure-your-profile

One more thing:

Need help? Don't hesitate to reach out to us via GitHub issues or on Slack:

  https://community.getdbt.com/

Happy modeling!

[0m20:08:13.074152 [info ] [MainThread]: Setting up your profile.
[0m20:09:56.845730 [info ] [MainThread]: Profile olist_project written to C:\Users\hafiz\.dbt\profiles.yml using target's profile_template.yml and your supplied values. Run 'dbt debug' to validate the connection.
[0m20:09:56.845730 [debug] [MainThread]: Command `dbt init` succeeded at 20:09:56.845730 after 103.95 seconds
[0m20:09:56.845730 [debug] [MainThread]: Sending event: {'category': 'dbt', 'action': 'invocation', 'label': 'end', 'context': [<snowplow_tracker.self_describing_json.SelfDescribingJson object at 0x000002C67B6413D0>, <snowplow_tracker.self_describing_json.SelfDescribingJson object at 0x000002C67B640FD0>, <snowplow_tracker.self_describing_json.SelfDescribingJson object at 0x000002C67B641250>]}
[0m20:09:56.845730 [debug] [MainThread]: Flushing usage events
[0m20:09:58.396311 [debug] [MainThread]: An error was encountered while trying to flush usage events
[0m20:14:22.384056 [debug] [MainThread]: Sending event: {'category': 'dbt', 'action': 'invocation', 'label': 'start', 'context': [<snowplow_tracker.self_describing_json.SelfDescribingJson object at 0x0000020CAA90B590>, <snowplow_tracker.self_describing_json.SelfDescribingJson object at 0x0000020CAA90B010>, <snowplow_tracker.self_describing_json.SelfDescribingJson object at 0x0000020CAA90BDD0>]}


============================== 20:14:22.384056 | f5c68fc2-0a3c-4ca3-a652-6bb789fbfa68 ==============================
[0m20:14:22.384056 [info ] [MainThread]: Running with dbt=1.11.9
[0m20:14:22.384056 [debug] [MainThread]: running dbt with arguments {'static_parser': 'True', 'no_print': 'None', 'version_check': 'True', 'target_path': 'None', 'warn_error_options': 'WarnErrorOptionsV2(error=[], warn=[], silence=[])', 'printer_width': '80', 'write_json': 'True', 'empty': 'None', 'log_cache_events': 'False', 'introspect': 'True', 'cache_selected_only': 'False', 'fail_fast': 'False', 'debug': 'False', 'log_format': 'default', 'profiles_dir': 'C:\\Users\\hafiz\\.dbt', 'send_anonymous_usage_stats': 'True', 'quiet': 'False', 'warn_error': 'None', 'partial_parse': 'True', 'indirect_selection': 'eager', 'use_colors': 'True', 'invocation_command': 'dbt debug', 'use_experimental_parser': 'False', 'log_path': 'logs'}
[0m20:14:22.406941 [info ] [MainThread]: dbt version: 1.11.9
[0m20:14:22.408374 [info ] [MainThread]: python version: 3.11.15
[0m20:14:22.409405 [info ] [MainThread]: python path: C:\Users\hafiz\anaconda3\envs\dbt-env\python.exe
[0m20:14:22.409405 [info ] [MainThread]: os info: Windows-10-10.0.26200-SP0
[0m20:14:22.463730 [info ] [MainThread]: Using profiles dir at C:\Users\hafiz\.dbt
[0m20:14:22.463730 [info ] [MainThread]: Using profiles.yml file at C:\Users\hafiz\.dbt\profiles.yml
[0m20:14:22.464731 [info ] [MainThread]: Using dbt_project.yml file at C:\Users\hafiz\LocalDocs\projects\dbt_project\dbt_project.yml
[0m20:14:22.464731 [error] [MainThread]: Encountered an error:
Internal Error
  Profile should not be None if loading profile completed
[0m20:14:22.465731 [debug] [MainThread]: Command `dbt debug` failed at 20:14:22.465731 after 0.17 seconds
[0m20:14:22.466730 [debug] [MainThread]: Sending event: {'category': 'dbt', 'action': 'invocation', 'label': 'end', 'context': [<snowplow_tracker.self_describing_json.SelfDescribingJson object at 0x0000020CAA90EC10>, <snowplow_tracker.self_describing_json.SelfDescribingJson object at 0x0000020CABA0CC90>, <snowplow_tracker.self_describing_json.SelfDescribingJson object at 0x0000020CAA6B8A50>]}
[0m20:14:22.466730 [debug] [MainThread]: Flushing usage events
[0m20:14:24.851618 [debug] [MainThread]: An error was encountered while trying to flush usage events
[0m20:20:15.459914 [debug] [MainThread]: Sending event: {'category': 'dbt', 'action': 'invocation', 'label': 'start', 'context': [<snowplow_tracker.self_describing_json.SelfDescribingJson object at 0x0000025015D6EA90>, <snowplow_tracker.self_describing_json.SelfDescribingJson object at 0x0000025015D6EB10>, <snowplow_tracker.self_describing_json.SelfDescribingJson object at 0x0000025015D6E890>]}


============================== 20:20:15.463738 | a3e7d667-a4a4-47ed-b3af-b711e75b30c2 ==============================
[0m20:20:15.463738 [info ] [MainThread]: Running with dbt=1.11.9
[0m20:20:15.464805 [debug] [MainThread]: running dbt with arguments {'static_parser': 'True', 'no_print': 'None', 'version_check': 'True', 'target_path': 'None', 'warn_error_options': 'WarnErrorOptionsV2(error=[], warn=[], silence=[])', 'printer_width': '80', 'write_json': 'True', 'introspect': 'True', 'log_cache_events': 'False', 'empty': 'None', 'cache_selected_only': 'False', 'log_format': 'default', 'debug': 'False', 'fail_fast': 'False', 'partial_parse': 'True', 'send_anonymous_usage_stats': 'True', 'quiet': 'False', 'warn_error': 'None', 'profiles_dir': 'C:\\Users\\hafiz\\.dbt', 'invocation_command': 'dbt debug', 'indirect_selection': 'eager', 'use_colors': 'True', 'use_experimental_parser': 'False', 'log_path': 'logs'}
[0m20:20:15.481152 [info ] [MainThread]: dbt version: 1.11.9
[0m20:20:15.481152 [info ] [MainThread]: python version: 3.11.15
[0m20:20:15.481152 [info ] [MainThread]: python path: C:\Users\hafiz\anaconda3\envs\dbt-env\python.exe
[0m20:20:15.481152 [info ] [MainThread]: os info: Windows-10-10.0.26200-SP0
[0m20:20:15.541087 [info ] [MainThread]: Using profiles dir at C:\Users\hafiz\.dbt
[0m20:20:15.542087 [info ] [MainThread]: Using profiles.yml file at C:\Users\hafiz\.dbt\profiles.yml
[0m20:20:15.543085 [info ] [MainThread]: Using dbt_project.yml file at C:\Users\hafiz\LocalDocs\projects\dbt_project\dbt_project.yml
[0m20:20:15.543085 [error] [MainThread]: Encountered an error:
Internal Error
  Profile should not be None if loading profile completed
[0m20:20:15.544083 [debug] [MainThread]: Command `dbt debug` failed at 20:20:15.544083 after 0.18 seconds
[0m20:20:15.545085 [debug] [MainThread]: Sending event: {'category': 'dbt', 'action': 'invocation', 'label': 'end', 'context': [<snowplow_tracker.self_describing_json.SelfDescribingJson object at 0x0000025015D6C290>, <snowplow_tracker.self_describing_json.SelfDescribingJson object at 0x0000025016DCE990>, <snowplow_tracker.self_describing_json.SelfDescribingJson object at 0x0000025014EAD310>]}
[0m20:20:15.545085 [debug] [MainThread]: Flushing usage events
[0m20:20:17.822054 [debug] [MainThread]: An error was encountered while trying to flush usage events
[0m20:21:42.246301 [debug] [MainThread]: Sending event: {'category': 'dbt', 'action': 'invocation', 'label': 'start', 'context': [<snowplow_tracker.self_describing_json.SelfDescribingJson object at 0x0000023B61A524D0>, <snowplow_tracker.self_describing_json.SelfDescribingJson object at 0x0000023B61A7D390>, <snowplow_tracker.self_describing_json.SelfDescribingJson object at 0x0000023B61A7E990>]}


============================== 20:21:42.246301 | 17a0c6ae-53f1-47c6-885b-e2a422f8b4df ==============================
[0m20:21:42.246301 [info ] [MainThread]: Running with dbt=1.11.9
[0m20:21:42.246301 [debug] [MainThread]: running dbt with arguments {'static_parser': 'True', 'no_print': 'None', 'version_check': 'True', 'target_path': 'None', 'warn_error_options': 'WarnErrorOptionsV2(error=[], warn=[], silence=[])', 'printer_width': '80', 'write_json': 'True', 'introspect': 'True', 'log_cache_events': 'False', 'empty': 'None', 'cache_selected_only': 'False', 'log_format': 'default', 'debug': 'False', 'fail_fast': 'False', 'partial_parse': 'True', 'send_anonymous_usage_stats': 'True', 'quiet': 'False', 'warn_error': 'None', 'profiles_dir': 'C:\\Users\\hafiz\\.dbt', 'indirect_selection': 'eager', 'use_colors': 'True', 'invocation_command': 'dbt debug', 'use_experimental_parser': 'False', 'log_path': 'logs'}
[0m20:21:42.271140 [info ] [MainThread]: dbt version: 1.11.9
[0m20:21:42.271140 [info ] [MainThread]: python version: 3.11.15
[0m20:21:42.271140 [info ] [MainThread]: python path: C:\Users\hafiz\anaconda3\envs\dbt-env\python.exe
[0m20:21:42.271140 [info ] [MainThread]: os info: Windows-10-10.0.26200-SP0
[0m20:21:42.326302 [info ] [MainThread]: Using profiles dir at C:\Users\hafiz\.dbt
[0m20:21:42.326302 [info ] [MainThread]: Using profiles.yml file at C:\Users\hafiz\.dbt\profiles.yml
[0m20:21:42.330408 [info ] [MainThread]: Using dbt_project.yml file at C:\Users\hafiz\LocalDocs\projects\dbt_project\dbt_project.yml
[0m20:21:42.330408 [error] [MainThread]: Encountered an error:
Internal Error
  Profile should not be None if loading profile completed
[0m20:21:42.330408 [debug] [MainThread]: Command `dbt debug` failed at 20:21:42.330408 after 0.17 seconds
[0m20:21:42.330408 [debug] [MainThread]: Sending event: {'category': 'dbt', 'action': 'invocation', 'label': 'end', 'context': [<snowplow_tracker.self_describing_json.SelfDescribingJson object at 0x0000023B61A7E110>, <snowplow_tracker.self_describing_json.SelfDescribingJson object at 0x0000023B5AC70FD0>, <snowplow_tracker.self_describing_json.SelfDescribingJson object at 0x0000023B61A4A850>]}
[0m20:21:42.330408 [debug] [MainThread]: Flushing usage events
[0m20:21:44.585366 [debug] [MainThread]: An error was encountered while trying to flush usage events
[0m20:27:44.517563 [debug] [MainThread]: Sending event: {'category': 'dbt', 'action': 'invocation', 'label': 'start', 'context': [<snowplow_tracker.self_describing_json.SelfDescribingJson object at 0x0000018E59017C10>, <snowplow_tracker.self_describing_json.SelfDescribingJson object at 0x0000018E59016D50>, <snowplow_tracker.self_describing_json.SelfDescribingJson object at 0x0000018E5A05A2D0>]}


============================== 20:27:44.517563 | ae0fc847-748a-44d7-a030-f3615f8f9c5b ==============================
[0m20:27:44.517563 [info ] [MainThread]: Running with dbt=1.11.9
[0m20:27:44.517563 [debug] [MainThread]: running dbt with arguments {'static_parser': 'True', 'no_print': 'None', 'version_check': 'True', 'target_path': 'None', 'warn_error_options': 'WarnErrorOptionsV2(error=[], warn=[], silence=[])', 'printer_width': '80', 'write_json': 'True', 'empty': 'None', 'log_cache_events': 'False', 'introspect': 'True', 'cache_selected_only': 'False', 'log_format': 'default', 'debug': 'False', 'fail_fast': 'False', 'partial_parse': 'True', 'send_anonymous_usage_stats': 'True', 'quiet': 'False', 'warn_error': 'None', 'profiles_dir': 'C:\\Users\\hafiz\\.dbt', 'indirect_selection': 'eager', 'use_colors': 'True', 'invocation_command': 'dbt debug', 'use_experimental_parser': 'False', 'log_path': 'logs'}
[0m20:27:44.537314 [info ] [MainThread]: dbt version: 1.11.9
[0m20:27:44.547900 [info ] [MainThread]: python version: 3.11.15
[0m20:27:44.547900 [info ] [MainThread]: python path: C:\Users\hafiz\anaconda3\envs\dbt-env\python.exe
[0m20:27:44.549157 [info ] [MainThread]: os info: Windows-10-10.0.26200-SP0
[0m20:27:44.603644 [info ] [MainThread]: Using profiles dir at C:\Users\hafiz\.dbt
[0m20:27:44.604647 [info ] [MainThread]: Using profiles.yml file at C:\Users\hafiz\.dbt\profiles.yml
[0m20:27:44.606123 [info ] [MainThread]: Using dbt_project.yml file at C:\Users\hafiz\LocalDocs\projects\dbt_project\dbt_project.yml
[0m20:27:44.606123 [error] [MainThread]: Encountered an error:
Internal Error
  Profile should not be None if loading profile completed
[0m20:27:44.607250 [debug] [MainThread]: Command `dbt debug` failed at 20:27:44.607250 after 0.17 seconds
[0m20:27:44.608305 [debug] [MainThread]: Sending event: {'category': 'dbt', 'action': 'invocation', 'label': 'end', 'context': [<snowplow_tracker.self_describing_json.SelfDescribingJson object at 0x0000018E5A07C590>, <snowplow_tracker.self_describing_json.SelfDescribingJson object at 0x0000018E59016810>, <snowplow_tracker.self_describing_json.SelfDescribingJson object at 0x0000018E59017AD0>]}
[0m20:27:44.608305 [debug] [MainThread]: Flushing usage events
[0m20:27:46.927985 [debug] [MainThread]: An error was encountered while trying to flush usage events
[0m20:29:27.775725 [debug] [MainThread]: Sending event: {'category': 'dbt', 'action': 'invocation', 'label': 'start', 'context': [<snowplow_tracker.self_describing_json.SelfDescribingJson object at 0x000001D598DBDC10>, <snowplow_tracker.self_describing_json.SelfDescribingJson object at 0x000001D595516010>, <snowplow_tracker.self_describing_json.SelfDescribingJson object at 0x000001D599DFC110>]}


============================== 20:29:27.775725 | 9fa2ee44-24df-4748-8be3-9162937429f9 ==============================
[0m20:29:27.775725 [info ] [MainThread]: Running with dbt=1.11.9
[0m20:29:27.775725 [debug] [MainThread]: running dbt with arguments {'version_check': 'True', 'no_print': 'None', 'static_parser': 'True', 'target_path': 'None', 'warn_error_options': 'WarnErrorOptionsV2(error=[], warn=[], silence=[])', 'printer_width': '80', 'write_json': 'True', 'empty': 'None', 'log_cache_events': 'False', 'introspect': 'True', 'cache_selected_only': 'False', 'fail_fast': 'False', 'debug': 'False', 'log_format': 'default', 'partial_parse': 'True', 'send_anonymous_usage_stats': 'True', 'quiet': 'False', 'warn_error': 'None', 'profiles_dir': 'C:\\Users\\hafiz\\.dbt', 'use_colors': 'True', 'indirect_selection': 'eager', 'invocation_command': 'dbt debug', 'use_experimental_parser': 'False', 'log_path': 'logs'}
[0m20:29:27.796957 [info ] [MainThread]: dbt version: 1.11.9
[0m20:29:27.796957 [info ] [MainThread]: python version: 3.11.15
[0m20:29:27.796957 [info ] [MainThread]: python path: C:\Users\hafiz\anaconda3\envs\dbt-env\python.exe
[0m20:29:27.796957 [info ] [MainThread]: os info: Windows-10-10.0.26200-SP0
[0m20:29:27.858268 [info ] [MainThread]: Using profiles dir at C:\Users\hafiz\.dbt
[0m20:29:27.859278 [info ] [MainThread]: Using profiles.yml file at C:\Users\hafiz\.dbt\profiles.yml
[0m20:29:27.859278 [info ] [MainThread]: Using dbt_project.yml file at C:\Users\hafiz\LocalDocs\projects\dbt_project\dbt_project.yml
[0m20:29:27.860406 [info ] [MainThread]: adapter type: postgres
[0m20:29:27.860406 [info ] [MainThread]: adapter version: 1.10.0
[0m20:29:27.860406 [info ] [MainThread]: Configuration:
[0m20:29:27.861742 [info ] [MainThread]:   profiles.yml file [[32mOK found and valid[0m]
[0m20:29:27.862236 [info ] [MainThread]:   dbt_project.yml file [[31mERROR not found[0m]
[0m20:29:27.862236 [info ] [MainThread]: Required dependencies:
[0m20:29:27.863382 [debug] [MainThread]: Executing "git --help"
[0m20:29:27.895811 [debug] [MainThread]: STDOUT: "b"usage: git [-v | --version] [-h | --help] [-C <path>] [-c <name>=<value>]\n           [--exec-path[=<path>]] [--html-path] [--man-path] [--info-path]\n           [-p | --paginate | -P | --no-pager] [--no-replace-objects] [--no-lazy-fetch]\n           [--no-optional-locks] [--no-advice] [--bare] [--git-dir=<path>]\n           [--work-tree=<path>] [--namespace=<name>] [--config-env=<name>=<envvar>]\n           <command> [<args>]\n\nThese are common Git commands used in various situations:\n\nstart a working area (see also: git help tutorial)\n   clone      Clone a repository into a new directory\n   init       Create an empty Git repository or reinitialize an existing one\n\nwork on the current change (see also: git help everyday)\n   add        Add file contents to the index\n   mv         Move or rename a file, a directory, or a symlink\n   restore    Restore working tree files\n   rm         Remove files from the working tree and from the index\n\nexamine the history and state (see also: git help revisions)\n   bisect     Use binary search to find the commit that introduced a bug\n   diff       Show changes between commits, commit and working tree, etc\n   grep       Print lines matching a pattern\n   log        Show commit logs\n   show       Show various types of objects\n   status     Show the working tree status\n\ngrow, mark and tweak your common history\n   backfill   Download missing objects in a partial clone\n   branch     List, create, or delete branches\n   commit     Record changes to the repository\n   merge      Join two or more development histories together\n   rebase     Reapply commits on top of another base tip\n   reset      Reset current HEAD to the specified state\n   switch     Switch branches\n   tag        Create, list, delete or verify a tag object signed with GPG\n\ncollaborate (see also: git help workflows)\n   fetch      Download objects and refs from another repository\n   pull       Fetch from and integrate with another repository or a local branch\n   push       Update remote refs along with associated objects\n\n'git help -a' and 'git help -g' list available subcommands and some\nconcept guides. See 'git help <command>' or 'git help <concept>'\nto read about a specific subcommand or concept.\nSee 'git help git' for an overview of the system.\n""
[0m20:29:27.895811 [debug] [MainThread]: STDERR: "b''"
[0m20:29:27.902713 [info ] [MainThread]:  - git [[32mOK found[0m]

[0m20:29:27.902713 [info ] [MainThread]: Connection:
[0m20:29:27.902713 [info ] [MainThread]:   host: aws-1-ap-northeast-1.pooler.supabase.com
[0m20:29:27.902713 [info ] [MainThread]:   port: 5432
[0m20:29:27.902713 [info ] [MainThread]:   user: public_readonly.hkmqxnppvspaoldrzzam
[0m20:29:27.902713 [info ] [MainThread]:   database: postgres
[0m20:29:27.905970 [info ] [MainThread]:   schema: public
[0m20:29:27.906671 [info ] [MainThread]:   connect_timeout: 10
[0m20:29:27.906671 [info ] [MainThread]:   role: None
[0m20:29:27.906671 [info ] [MainThread]:   search_path: None
[0m20:29:27.906671 [info ] [MainThread]:   keepalives_idle: 0
[0m20:29:27.907947 [info ] [MainThread]:   sslmode: None
[0m20:29:27.907947 [info ] [MainThread]:   sslcert: None
[0m20:29:27.907947 [info ] [MainThread]:   sslkey: None
[0m20:29:27.908957 [info ] [MainThread]:   sslrootcert: None
[0m20:29:27.908957 [info ] [MainThread]:   application_name: dbt
[0m20:29:27.909965 [info ] [MainThread]:   retries: 1
[0m20:29:27.909965 [info ] [MainThread]: Registered adapter: postgres=1.10.0
[0m20:29:28.073723 [debug] [MainThread]: Acquiring new postgres connection 'debug'
[0m20:29:28.200414 [debug] [MainThread]: Using postgres connection "debug"
[0m20:29:28.200414 [debug] [MainThread]: On debug: select 1 as id
[0m20:29:28.200414 [debug] [MainThread]: Opening a new connection, currently in state init
[0m20:29:29.422581 [debug] [MainThread]: SQL status: SELECT 1 in 1.221 seconds
[0m20:29:29.422581 [debug] [MainThread]: On debug: Close
[0m20:29:29.422581 [info ] [MainThread]:   Connection test: [[32mOK connection ok[0m]

[0m20:29:29.422581 [info ] [MainThread]: [31m1 check failed:[0m
[0m20:29:29.422581 [info ] [MainThread]: Project loading failed for the following reason:
 project path <C:\Users\hafiz\LocalDocs\projects\dbt_project\dbt_project.yml> not found

[0m20:29:29.422581 [debug] [MainThread]: Command `dbt debug` failed at 20:29:29.422581 after 1.73 seconds
[0m20:29:29.422581 [debug] [MainThread]: Connection 'debug' was properly closed.
[0m20:29:29.422581 [debug] [MainThread]: Sending event: {'category': 'dbt', 'action': 'invocation', 'label': 'end', 'context': [<snowplow_tracker.self_describing_json.SelfDescribingJson object at 0x000001D598DBA610>, <snowplow_tracker.self_describing_json.SelfDescribingJson object at 0x000001D598DBAE90>, <snowplow_tracker.self_describing_json.SelfDescribingJson object at 0x000001D599E31A50>]}
[0m20:29:29.422581 [debug] [MainThread]: Flushing usage events
[0m20:29:31.078441 [debug] [MainThread]: An error was encountered while trying to flush usage events
[0m20:29:57.043626 [debug] [MainThread]: Sending event: {'category': 'dbt', 'action': 'invocation', 'label': 'start', 'context': [<snowplow_tracker.self_describing_json.SelfDescribingJson object at 0x0000028F5F0A5C10>, <snowplow_tracker.self_describing_json.SelfDescribingJson object at 0x0000028F6292D610>, <snowplow_tracker.self_describing_json.SelfDescribingJson object at 0x0000028F639682D0>]}


============================== 20:29:57.043626 | 64de9b51-343c-4467-8000-70ff7c037232 ==============================
[0m20:29:57.043626 [info ] [MainThread]: Running with dbt=1.11.9
[0m20:29:57.043626 [debug] [MainThread]: running dbt with arguments {'version_check': 'True', 'no_print': 'None', 'static_parser': 'True', 'target_path': 'None', 'warn_error_options': 'WarnErrorOptionsV2(error=[], warn=[], silence=[])', 'printer_width': '80', 'write_json': 'True', 'empty': 'None', 'log_cache_events': 'False', 'introspect': 'True', 'cache_selected_only': 'False', 'fail_fast': 'False', 'debug': 'False', 'log_format': 'default', 'profiles_dir': 'C:\\Users\\hafiz\\.dbt', 'send_anonymous_usage_stats': 'True', 'quiet': 'False', 'warn_error': 'None', 'partial_parse': 'True', 'invocation_command': 'dbt debug', 'use_colors': 'True', 'indirect_selection': 'eager', 'use_experimental_parser': 'False', 'log_path': 'logs'}
[0m20:29:57.059732 [info ] [MainThread]: dbt version: 1.11.9
[0m20:29:57.059732 [info ] [MainThread]: python version: 3.11.15
[0m20:29:57.059732 [info ] [MainThread]: python path: C:\Users\hafiz\anaconda3\envs\dbt-env\python.exe
[0m20:29:57.073168 [info ] [MainThread]: os info: Windows-10-10.0.26200-SP0
[0m20:29:57.119057 [info ] [MainThread]: Using profiles dir at C:\Users\hafiz\.dbt
[0m20:29:57.119057 [info ] [MainThread]: Using profiles.yml file at C:\Users\hafiz\.dbt\profiles.yml
[0m20:29:57.119057 [info ] [MainThread]: Using dbt_project.yml file at C:\Users\hafiz\LocalDocs\projects\dbt_project\dbt_project.yml
[0m20:29:57.119057 [info ] [MainThread]: adapter type: postgres
[0m20:29:57.119057 [info ] [MainThread]: adapter version: 1.10.0
[0m20:29:57.119057 [info ] [MainThread]: Configuration:
[0m20:29:57.119057 [info ] [MainThread]:   profiles.yml file [[32mOK found and valid[0m]
[0m20:29:57.119057 [info ] [MainThread]:   dbt_project.yml file [[31mERROR not found[0m]
[0m20:29:57.119057 [info ] [MainThread]: Required dependencies:
[0m20:29:57.129689 [debug] [MainThread]: Executing "git --help"
[0m20:29:57.165179 [debug] [MainThread]: STDOUT: "b"usage: git [-v | --version] [-h | --help] [-C <path>] [-c <name>=<value>]\n           [--exec-path[=<path>]] [--html-path] [--man-path] [--info-path]\n           [-p | --paginate | -P | --no-pager] [--no-replace-objects] [--no-lazy-fetch]\n           [--no-optional-locks] [--no-advice] [--bare] [--git-dir=<path>]\n           [--work-tree=<path>] [--namespace=<name>] [--config-env=<name>=<envvar>]\n           <command> [<args>]\n\nThese are common Git commands used in various situations:\n\nstart a working area (see also: git help tutorial)\n   clone      Clone a repository into a new directory\n   init       Create an empty Git repository or reinitialize an existing one\n\nwork on the current change (see also: git help everyday)\n   add        Add file contents to the index\n   mv         Move or rename a file, a directory, or a symlink\n   restore    Restore working tree files\n   rm         Remove files from the working tree and from the index\n\nexamine the history and state (see also: git help revisions)\n   bisect     Use binary search to find the commit that introduced a bug\n   diff       Show changes between commits, commit and working tree, etc\n   grep       Print lines matching a pattern\n   log        Show commit logs\n   show       Show various types of objects\n   status     Show the working tree status\n\ngrow, mark and tweak your common history\n   backfill   Download missing objects in a partial clone\n   branch     List, create, or delete branches\n   commit     Record changes to the repository\n   merge      Join two or more development histories together\n   rebase     Reapply commits on top of another base tip\n   reset      Reset current HEAD to the specified state\n   switch     Switch branches\n   tag        Create, list, delete or verify a tag object signed with GPG\n\ncollaborate (see also: git help workflows)\n   fetch      Download objects and refs from another repository\n   pull       Fetch from and integrate with another repository or a local branch\n   push       Update remote refs along with associated objects\n\n'git help -a' and 'git help -g' list available subcommands and some\nconcept guides. See 'git help <command>' or 'git help <concept>'\nto read about a specific subcommand or concept.\nSee 'git help git' for an overview of the system.\n""
[0m20:29:57.166179 [debug] [MainThread]: STDERR: "b''"
[0m20:29:57.166179 [info ] [MainThread]:  - git [[32mOK found[0m]

[0m20:29:57.167181 [info ] [MainThread]: Connection:
[0m20:29:57.167181 [info ] [MainThread]:   host: aws-1-ap-northeast-1.pooler.supabase.com
[0m20:29:57.167181 [info ] [MainThread]:   port: 5432
[0m20:29:57.168179 [info ] [MainThread]:   user: public_readonly.hkmqxnppvspaoldrzzam
[0m20:29:57.168179 [info ] [MainThread]:   database: postgres
[0m20:29:57.168179 [info ] [MainThread]:   schema: public
[0m20:29:57.168179 [info ] [MainThread]:   connect_timeout: 10
[0m20:29:57.169504 [info ] [MainThread]:   role: None
[0m20:29:57.169504 [info ] [MainThread]:   search_path: None
[0m20:29:57.170517 [info ] [MainThread]:   keepalives_idle: 0
[0m20:29:57.170517 [info ] [MainThread]:   sslmode: None
[0m20:29:57.170517 [info ] [MainThread]:   sslcert: None
[0m20:29:57.171514 [info ] [MainThread]:   sslkey: None
[0m20:29:57.172122 [info ] [MainThread]:   sslrootcert: None
[0m20:29:57.172122 [info ] [MainThread]:   application_name: dbt
[0m20:29:57.172122 [info ] [MainThread]:   retries: 1
[0m20:29:57.173251 [info ] [MainThread]: Registered adapter: postgres=1.10.0
[0m20:29:57.334316 [debug] [MainThread]: Acquiring new postgres connection 'debug'
[0m20:29:57.462183 [debug] [MainThread]: Using postgres connection "debug"
[0m20:29:57.462183 [debug] [MainThread]: On debug: select 1 as id
[0m20:29:57.462183 [debug] [MainThread]: Opening a new connection, currently in state init
[0m20:29:59.200838 [debug] [MainThread]: SQL status: SELECT 1 in 1.739 seconds
[0m20:29:59.200838 [debug] [MainThread]: On debug: Close
[0m20:29:59.200838 [info ] [MainThread]:   Connection test: [[32mOK connection ok[0m]

[0m20:29:59.200838 [info ] [MainThread]: [31m1 check failed:[0m
[0m20:29:59.200838 [info ] [MainThread]: Project loading failed for the following reason:
 project path <C:\Users\hafiz\LocalDocs\projects\dbt_project\dbt_project.yml> not found

[0m20:29:59.200838 [debug] [MainThread]: Command `dbt debug` failed at 20:29:59.200838 after 2.23 seconds
[0m20:29:59.200838 [debug] [MainThread]: Connection 'debug' was properly closed.
[0m20:29:59.200838 [debug] [MainThread]: Sending event: {'category': 'dbt', 'action': 'invocation', 'label': 'end', 'context': [<snowplow_tracker.self_describing_json.SelfDescribingJson object at 0x0000028F6292BB10>, <snowplow_tracker.self_describing_json.SelfDescribingJson object at 0x0000028F5BB10C10>, <snowplow_tracker.self_describing_json.SelfDescribingJson object at 0x0000028F5BB10FD0>]}
[0m20:29:59.200838 [debug] [MainThread]: Flushing usage events
[0m20:30:00.490307 [debug] [MainThread]: An error was encountered while trying to flush usage events
